-------------------------------------------------------------------------------
Test set: StudentTest
-------------------------------------------------------------------------------
Tests run: 3, Failures: 1, Errors: 0, Skipped: 0, Time elapsed: 0.031 s <<< FAILURE! - in StudentTest
testUserName  Time elapsed: 0 s  <<< FAILURE!
org.junit.ComparisonFailure: expected:<[TestShouldFailHere]> but was:<[MoeyJaloney29]>
	at StudentTest.testUserName(StudentTest.java:50)

